<?xml version="1.0" encoding="UTF-8"?><testsuites failures="62" name="dependency-check" tests="21"><testsuite failures="0" errors="0" time="0" id="0" name="/home/jvs/course_labs/labs/lab07/vulnerable-app/requirements.txt:Django/2.2.0" package="Django:2.2.0" skipped="0" tests="1" timestamp="2026-01-14T21:46:03.949047082"><testcase classname="dependency-check" name="Django:2.2.0"/></testsuite><testsuite failures="0" errors="0" time="0" id="1" name="/home/jvs/course_labs/labs/lab07/vulnerable-app/requirements.txt:Flask/2.0.1" package="Flask:2.0.1" skipped="0" tests="1" timestamp="2026-01-14T21:46:03.949047082"><testcase classname="dependency-check" name="Flask:2.0.1"/></testsuite><testsuite failures="0" errors="0" time="0" id="2" name="/home/jvs/course_labs/labs/lab07/vulnerable-app/requirements.txt:Jinja2/3.0.1" package="Jinja2:3.0.1" skipped="0" tests="1" timestamp="2026-01-14T21:46:03.949047082"><testcase classname="dependency-check" name="Jinja2:3.0.1"/></testsuite><testsuite failures="0" errors="0" time="0" id="3" name="/home/jvs/course_labs/labs/lab07/vulnerable-app/requirements.txt:MarkupSafe/2.0.1" package="MarkupSafe:2.0.1" skipped="0" tests="1" timestamp="2026-01-14T21:46:03.949047082"><testcase classname="dependency-check" name="MarkupSafe:2.0.1"/></testsuite><testsuite failures="1" errors="0" time="0" id="4" name="/home/jvs/course_labs/labs/lab07/vulnerable-app/requirements.txt:PyYAML/5.3.1" package="PyYAML:5.3.1" skipped="0" tests="1" timestamp="2026-01-14T21:46:03.949047082"><testcase classname="CVE-2020-14343" name="pkg:pypi/pyyaml@5.3.1"><failure message="cvssV3: CRITICAL, score: 9.8 (CVSS:3.1/AV:N/AC:L/PR:N/UI:N/S:U/C:H/I:H/A:H/E:3.9/RC:R/MAV:A)"/><system-out>A vulnerability was discovered in the PyYAML library in versions before 5.4, where it is susceptible to arbitrary code execution when it processes untrusted YAML files through the full_load method or with the FullLoader loader. Applications that use the library to process untrusted input may be vulnerable to this flaw. This flaw allows an attacker to execute arbitrary code on the system by abusing the python/object/new constructor. This flaw is due to an incomplete fix for CVE-2020-1747.</system-out><system-err>location: /home/jvs/course_labs/labs/lab07/vulnerable-app/requirements.txt:PyYAML/5.3.1, project-references: [  ]</system-err></testcase></testsuite><testsuite failures="0" errors="0" time="0" id="5" name="/home/jvs/course_labs/labs/lab07/vulnerable-app/requirements.txt:SQLAlchemy/1.3.23" package="SQLAlchemy:1.3.23" skipped="0" tests="1" timestamp="2026-01-14T21:46:03.949047082"><testcase classname="dependency-check" name="SQLAlchemy:1.3.23"/></testsuite><testsuite failures="0" errors="0" time="0" id="6" name="/home/jvs/course_labs/labs/lab07/vulnerable-app/requirements.txt:Werkzeug/2.0.3" package="Werkzeug:2.0.3" skipped="0" tests="1" timestamp="2026-01-14T21:46:03.949047082"><testcase classname="dependency-check" name="Werkzeug:2.0.3"/></testsuite><testsuite failures="2" errors="0" time="0" id="7" name="/home/jvs/course_labs/labs/lab07/vulnerable-app/requirements.txt:certifi/2018.4.16" package="certifi:2018.4.16" skipped="0" tests="2" timestamp="2026-01-14T21:46:03.949047082"><testcase classname="CVE-2023-37920" name="pkg:pypi/certifi@2018.4.16"><failure message="cvssV3: CRITICAL, score: 9.8 (CVSS:3.1/AV:N/AC:L/PR:N/UI:N/S:U/C:H/I:H/A:H/E:3.9/RC:R/MAV:A)"/><system-out>Certifi is a curated collection of Root Certificates for validating the trustworthiness of SSL certificates while verifying the identity of TLS hosts. Certifi prior to version 2023.07.22 recognizes &quot;e-Tugra&quot; root certificates. e-Tugra&apos;s root certificates were subject to an investigation prompted by reporting of security issues in their systems. Certifi 2023.07.22 removes root certificates from &quot;e-Tugra&quot; from the root store.</system-out><system-err>location: /home/jvs/course_labs/labs/lab07/vulnerable-app/requirements.txt:certifi/2018.4.16, project-references: [  ]</system-err></testcase><testcase classname="CVE-2022-23491" name="pkg:pypi/certifi@2018.4.16"><failure message="cvssV3: HIGH, score: 7.5 (CVSS:3.1/AV:N/AC:L/PR:N/UI:N/S:U/C:N/I:H/A:N/E:3.9/RC:R/MAV:A)"/><system-out>Certifi is a curated collection of Root Certificates for validating the trustworthiness of SSL certificates while verifying the identity of TLS hosts. Certifi 2022.12.07 removes root certificates from &quot;TrustCor&quot; from the root store. These are in the process of being removed from Mozilla&apos;s trust store. TrustCor&apos;s root certificates are being removed pursuant to an investigation prompted by media reporting that TrustCor&apos;s ownership also operated a business that produced spyware. Conclusions of Mozilla&apos;s investigation can be found in the linked google group discussion.</system-out><system-err>location: /home/jvs/course_labs/labs/lab07/vulnerable-app/requirements.txt:certifi/2018.4.16, project-references: [  ]</system-err></testcase></testsuite><testsuite failures="0" errors="0" time="0" id="8" name="/home/jvs/course_labs/labs/lab07/vulnerable-app/requirements.txt:chardet/3.0.4" package="chardet:3.0.4" skipped="0" tests="1" timestamp="2026-01-14T21:46:03.949047082"><testcase classname="dependency-check" name="chardet:3.0.4"/></testsuite><testsuite failures="0" errors="0" time="0" id="9" name="/home/jvs/course_labs/labs/lab07/vulnerable-app/requirements.txt:click/8.0.1" package="click:8.0.1" skipped="0" tests="1" timestamp="2026-01-14T21:46:03.949047082"><testcase classname="dependency-check" name="click:8.0.1"/></testsuite><testsuite failures="0" errors="0" time="0" id="10" name="/home/jvs/course_labs/labs/lab07/sca/lib/commons-codec-1.2.jar" package="commons-codec-1.2.jar" skipped="0" tests="1" timestamp="2026-01-14T21:46:03.949047082"><testcase classname="dependency-check" name="commons-codec-1.2.jar"/></testsuite><testsuite failures="2" errors="0" time="0" id="11" name="/home/jvs/course_labs/labs/lab07/sca/lib/commons-httpclient-3.1.jar" package="commons-httpclient-3.1.jar" skipped="0" tests="2" timestamp="2026-01-14T21:46:03.949047082"><testcase classname="CVE-2012-5783" name="pkg:maven/commons-httpclient/commons-httpclient@3.1"><failure message="cvssV2: MEDIUM, score: 5.8 (/AV:N/AC:M/Au:N/C:P/I:P/A:N)"/><system-out>Apache Commons HttpClient 3.x, as used in Amazon Flexible Payments Service (FPS) merchant Java SDK and other products, does not verify that the server hostname matches a domain name in the subject&apos;s Common Name (CN) or subjectAltName field of the X.509 certificate, which allows man-in-the-middle attackers to spoof SSL servers via an arbitrary valid certificate.</system-out><system-err>location: /home/jvs/course_labs/labs/lab07/sca/lib/commons-httpclient-3.1.jar, project-references: [  ]</system-err></testcase><testcase classname="CVE-2020-13956" name="pkg:maven/commons-httpclient/commons-httpclient@3.1"><failure message="cvssV3: MEDIUM, score: 5.3 (CVSS:3.1/AV:N/AC:L/PR:N/UI:N/S:U/C:N/I:L/A:N/E:3.9/RC:R/MAV:A)"/><system-out>Apache HttpClient versions prior to version 4.5.13 and 5.0.3 can misinterpret malformed authority component in request URIs passed to the library as java.net.URI object and pick the wrong target host for request execution.</system-out><system-err>location: /home/jvs/course_labs/labs/lab07/sca/lib/commons-httpclient-3.1.jar, project-references: [  ]</system-err></testcase></testsuite><testsuite failures="0" errors="0" time="0" id="12" name="/home/jvs/course_labs/labs/lab07/sca/lib/commons-logging-1.0.4.jar" package="commons-logging-1.0.4.jar" skipped="0" tests="1" timestamp="2026-01-14T21:46:03.949047082"><testcase classname="dependency-check" name="commons-logging-1.0.4.jar"/></testsuite><testsuite failures="0" errors="0" time="0" id="13" name="/home/jvs/course_labs/labs/lab07/vulnerable-app/requirements.txt:cryptography/3.2" package="cryptography:3.2" skipped="0" tests="1" timestamp="2026-01-14T21:46:03.949047082"><testcase classname="dependency-check" name="cryptography:3.2"/></testsuite><testsuite failures="0" errors="0" time="0" id="14" name="/home/jvs/course_labs/labs/lab07/sca/lib/groovy-all-2.1.6.jar/META-INF/maven/commons-cli/commons-cli/pom.xml" package="groovy-all-2.1.6.jar (shaded: commons-cli:commons-cli:1.2)" skipped="0" tests="1" timestamp="2026-01-14T21:46:03.949047082"><testcase classname="dependency-check" name="groovy-all-2.1.6.jar (shaded: commons-cli:commons-cli:1.2)"/></testsuite><testsuite failures="3" errors="0" time="0" id="15" name="/home/jvs/course_labs/labs/lab07/sca/lib/groovy-all-2.1.6.jar" package="groovy-all-2.1.6.jar" skipped="0" tests="3" timestamp="2026-01-14T21:46:03.949047082"><testcase classname="CVE-2015-3253" name="pkg:maven/org.codehaus.groovy/groovy-all@2.1.6"><failure message="cvssV3: CRITICAL, score: 9.8 (CVSS:3.0/AV:N/AC:L/PR:N/UI:N/S:U/C:H/I:H/A:H/E:3.9/RC:R/MAV:A)"/><system-out>The MethodClosure class in runtime/MethodClosure.java in Apache Groovy 1.7.0 through 2.4.3 allows remote attackers to execute arbitrary code or cause a denial of service via a crafted serialized object.</system-out><system-err>location: /home/jvs/course_labs/labs/lab07/sca/lib/groovy-all-2.1.6.jar, project-references: [  ]</system-err></testcase><testcase classname="CVE-2016-6814" name="pkg:maven/org.codehaus.groovy/groovy-all@2.1.6"><failure message="cvssV3: CRITICAL, score: 9.8 (CVSS:3.0/AV:N/AC:L/PR:N/UI:N/S:U/C:H/I:H/A:H/E:3.9/RC:R/MAV:A)"/><system-out>When an application with unsupported Codehaus versions of Groovy from 1.7.0 to 2.4.3, Apache Groovy 2.4.4 to 2.4.7 on classpath uses standard Java serialization mechanisms, e.g. to communicate between servers or to store local data, it was possible for an attacker to bake a special serialized object that will execute code directly when deserialized. All applications which rely on serialization and do not isolate the code which deserializes objects were subject to this vulnerability.</system-out><system-err>location: /home/jvs/course_labs/labs/lab07/sca/lib/groovy-all-2.1.6.jar, project-references: [  ]</system-err></testcase><testcase classname="CVE-2020-17521" name="pkg:maven/org.codehaus.groovy/groovy-all@2.1.6"><failure message="cvssV3: MEDIUM, score: 5.5 (CVSS:3.1/AV:L/AC:L/PR:L/UI:N/S:U/C:H/I:N/A:N/E:1.8/RC:R/MAV:A)"/><system-out>Apache Groovy provides extension methods to aid with creating temporary directories. Prior to this fix, Groovy&apos;s implementation of those extension methods was using a now superseded Java JDK method call that is potentially not secure on some operating systems in some contexts. Users not using the extension methods mentioned in the advisory are not affected, but may wish to read the advisory for further details. Versions Affected: 2.0 to 2.4.20, 2.5.0 to 2.5.13, 3.0.0 to 3.0.6, and 4.0.0-alpha-1. Fixed in versions 2.4.21, 2.5.14, 3.0.7, 4.0.0-alpha-2.</system-out><system-err>location: /home/jvs/course_labs/labs/lab07/sca/lib/groovy-all-2.1.6.jar, project-references: [  ]</system-err></testcase></testsuite><testsuite failures="0" errors="0" time="0" id="16" name="/home/jvs/course_labs/labs/lab07/vulnerable-app/requirements.txt:gunicorn/20.1.0" package="gunicorn:20.1.0" skipped="0" tests="1" timestamp="2026-01-14T21:46:03.949047082"><testcase classname="dependency-check" name="gunicorn:20.1.0"/></testsuite><testsuite failures="0" errors="0" time="0" id="17" name="/home/jvs/course_labs/labs/lab07/vulnerable-app/requirements.txt:idna/2.7" package="idna:2.7" skipped="0" tests="1" timestamp="2026-01-14T21:46:03.949047082"><testcase classname="dependency-check" name="idna:2.7"/></testsuite><testsuite failures="0" errors="0" time="0" id="18" name="/home/jvs/course_labs/labs/lab07/vulnerable-app/requirements.txt:itsdangerous/2.0.1" package="itsdangerous:2.0.1" skipped="0" tests="1" timestamp="2026-01-14T21:46:03.949047082"><testcase classname="dependency-check" name="itsdangerous:2.0.1"/></testsuite><testsuite failures="1" errors="0" time="0" id="19" name="/home/jvs/course_labs/labs/lab07/sca/lib/jackson-annotations-2.4.0.jar" package="jackson-annotations-2.4.0.jar" skipped="0" tests="1" timestamp="2026-01-14T21:46:03.949047082"><testcase classname="CVE-2018-1000873" name="pkg:maven/com.fasterxml.jackson.core/jackson-annotations@2.4.0"><failure message="cvssV3: MEDIUM, score: 6.5 (CVSS:3.1/AV:N/AC:L/PR:N/UI:R/S:U/C:N/I:N/A:H/E:2.8/RC:R/MAV:A)"/><system-out>Fasterxml Jackson version Before 2.9.8 contains a CWE-20: Improper Input Validation vulnerability in Jackson-Modules-Java8 that can result in Causes a denial-of-service (DoS). This attack appear to be exploitable via The victim deserializes malicious input, specifically very large values in the nanoseconds field of a time value. This vulnerability appears to have been fixed in 2.9.8.</system-out><system-err>location: /home/jvs/course_labs/labs/lab07/sca/lib/jackson-annotations-2.4.0.jar, project-references: [  ]</system-err></testcase></testsuite><testsuite failures="1" errors="0" time="0" id="20" name="/home/jvs/course_labs/labs/lab07/sca/lib/jackson-core-2.4.6.jar" package="jackson-core-2.4.6.jar" skipped="0" tests="1" timestamp="2026-01-14T21:46:03.949047082"><testcase classname="CVE-2018-1000873" name="pkg:maven/com.fasterxml.jackson.core/jackson-core@2.4.6"><failure message="cvssV3: MEDIUM, score: 6.5 (CVSS:3.1/AV:N/AC:L/PR:N/UI:R/S:U/C:N/I:N/A:H/E:2.8/RC:R/MAV:A)"/><system-out>Fasterxml Jackson version Before 2.9.8 contains a CWE-20: Improper Input Validation vulnerability in Jackson-Modules-Java8 that can result in Causes a denial-of-service (DoS). This attack appear to be exploitable via The victim deserializes malicious input, specifically very large values in the nanoseconds field of a time value. This vulnerability appears to have been fixed in 2.9.8.</system-out><system-err>location: /home/jvs/course_labs/labs/lab07/sca/lib/jackson-core-2.4.6.jar, project-references: [  ]</system-err></testcase></testsuite><testsuite failures="48" errors="0" time="0" id="21" name="/home/jvs/course_labs/labs/lab07/sca/lib/jackson-databind-2.4.6.jar" package="jackson-databind-2.4.6.jar" skipped="0" tests="48" timestamp="2026-01-14T21:46:03.949047082"><testcase classname="CVE-2017-15095" name="pkg:maven/com.fasterxml.jackson.core/jackson-databind@2.4.6"><failure message="cvssV3: CRITICAL, score: 9.8 (CVSS:3.1/AV:N/AC:L/PR:N/UI:N/S:U/C:H/I:H/A:H/E:3.9/RC:R/MAV:A)"/><system-out>A deserialization flaw was discovered in the jackson-databind in versions before 2.8.10 and 2.9.1, which could allow an unauthenticated user to perform code execution by sending the maliciously crafted input to the readValue method of the ObjectMapper. This issue extends the previous flaw CVE-2017-7525 by blacklisting more classes that could be used maliciously.</system-out><system-err>location: /home/jvs/course_labs/labs/lab07/sca/lib/jackson-databind-2.4.6.jar, project-references: [  ]</system-err></testcase><testcase classname="CVE-2017-17485" name="pkg:maven/com.fasterxml.jackson.core/jackson-databind@2.4.6"><failure message="cvssV3: CRITICAL, score: 9.8 (CVSS:3.1/AV:N/AC:L/PR:N/UI:N/S:U/C:H/I:H/A:H/E:3.9/RC:R/MAV:A)"/><system-out>FasterXML jackson-databind through 2.8.10 and 2.9.x through 2.9.3 allows unauthenticated remote code execution because of an incomplete fix for the CVE-2017-7525 deserialization flaw. This is exploitable by sending maliciously crafted JSON input to the readValue method of the ObjectMapper, bypassing a blacklist that is ineffective if the Spring libraries are available in the classpath.</system-out><system-err>location: /home/jvs/course_labs/labs/lab07/sca/lib/jackson-databind-2.4.6.jar, project-references: [  ]</system-err></testcase><testcase classname="CVE-2017-7525" name="pkg:maven/com.fasterxml.jackson.core/jackson-databind@2.4.6"><failure message="cvssV3: CRITICAL, score: 9.8 (CVSS:3.1/AV:N/AC:L/PR:N/UI:N/S:U/C:H/I:H/A:H/E:3.9/RC:R/MAV:A)"/><system-out>A deserialization flaw was discovered in the jackson-databind, versions before 2.6.7.1, 2.7.9.1 and 2.8.9, which could allow an unauthenticated user to perform code execution by sending the maliciously crafted input to the readValue method of the ObjectMapper.</system-out><system-err>location: /home/jvs/course_labs/labs/lab07/sca/lib/jackson-databind-2.4.6.jar, project-references: [  ]</system-err></testcase><testcase classname="CVE-2018-11307" name="pkg:maven/com.fasterxml.jackson.core/jackson-databind@2.4.6"><failure message="cvssV3: CRITICAL, score: 9.8 (CVSS:3.1/AV:N/AC:L/PR:N/UI:N/S:U/C:H/I:H/A:H/E:3.9/RC:R/MAV:A)"/><system-out>An issue was discovered in FasterXML jackson-databind 2.0.0 through 2.9.5. Use of Jackson default typing along with a gadget class from iBatis allows exfiltration of content. Fixed in 2.7.9.4, 2.8.11.2, and 2.9.6.</system-out><system-err>location: /home/jvs/course_labs/labs/lab07/sca/lib/jackson-databind-2.4.6.jar, project-references: [  ]</system-err></testcase><testcase classname="CVE-2018-14718" name="pkg:maven/com.fasterxml.jackson.core/jackson-databind@2.4.6"><failure message="cvssV3: CRITICAL, score: 9.8 (CVSS:3.1/AV:N/AC:L/PR:N/UI:N/S:U/C:H/I:H/A:H/E:3.9/RC:R/MAV:A)"/><system-out>FasterXML jackson-databind 2.x before 2.9.7 might allow remote attackers to execute arbitrary code by leveraging failure to block the slf4j-ext class from polymorphic deserialization.</system-out><system-err>location: /home/jvs/course_labs/labs/lab07/sca/lib/jackson-databind-2.4.6.jar, project-references: [  ]</system-err></testcase><testcase classname="CVE-2018-14719" name="pkg:maven/com.fasterxml.jackson.core/jackson-databind@2.4.6"><failure message="cvssV3: CRITICAL, score: 9.8 (CVSS:3.1/AV:N/AC:L/PR:N/UI:N/S:U/C:H/I:H/A:H/E:3.9/RC:R/MAV:A)"/><system-out>FasterXML jackson-databind 2.x before 2.9.7 might allow remote attackers to execute arbitrary code by leveraging failure to block the blaze-ds-opt and blaze-ds-core classes from polymorphic deserialization.</system-out><system-err>location: /home/jvs/course_labs/labs/lab07/sca/lib/jackson-databind-2.4.6.jar, project-references: [  ]</system-err></testcase><testcase classname="CVE-2018-7489" name="pkg:maven/com.fasterxml.jackson.core/jackson-databind@2.4.6"><failure message="cvssV3: CRITICAL, score: 9.8 (CVSS:3.0/AV:N/AC:L/PR:N/UI:N/S:U/C:H/I:H/A:H/E:3.9/RC:R/MAV:A)"/><system-out>FasterXML jackson-databind before 2.7.9.3, 2.8.x before 2.8.11.1 and 2.9.x before 2.9.5 allows unauthenticated remote code execution because of an incomplete fix for the CVE-2017-7525 deserialization flaw. This is exploitable by sending maliciously crafted JSON input to the readValue method of the ObjectMapper, bypassing a blacklist that is ineffective if the c3p0 libraries are available in the classpath.</system-out><system-err>location: /home/jvs/course_labs/labs/lab07/sca/lib/jackson-databind-2.4.6.jar, project-references: [  ]</system-err></testcase><testcase classname="CVE-2019-14379" name="pkg:maven/com.fasterxml.jackson.core/jackson-databind@2.4.6"><failure message="cvssV3: CRITICAL, score: 9.8 (CVSS:3.1/AV:N/AC:L/PR:N/UI:N/S:U/C:H/I:H/A:H/E:3.9/RC:R/MAV:A)"/><system-out>SubTypeValidator.java in FasterXML jackson-databind before 2.9.9.2 mishandles default typing when ehcache is used (because of net.sf.ehcache.transaction.manager.DefaultTransactionManagerLookup), leading to remote code execution.</system-out><system-err>location: /home/jvs/course_labs/labs/lab07/sca/lib/jackson-databind-2.4.6.jar, project-references: [  ]</system-err></testcase><testcase classname="CVE-2019-14540" name="pkg:maven/com.fasterxml.jackson.core/jackson-databind@2.4.6"><failure message="cvssV3: CRITICAL, score: 9.8 (CVSS:3.1/AV:N/AC:L/PR:N/UI:N/S:U/C:H/I:H/A:H/E:3.9/RC:R/MAV:A)"/><system-out>A Polymorphic Typing issue was discovered in FasterXML jackson-databind before 2.9.10. It is related to com.zaxxer.hikari.HikariConfig.</system-out><system-err>location: /home/jvs/course_labs/labs/lab07/sca/lib/jackson-databind-2.4.6.jar, project-references: [  ]</system-err></testcase><testcase classname="CVE-2019-14892" name="pkg:maven/com.fasterxml.jackson.core/jackson-databind@2.4.6"><failure message="cvssV3: CRITICAL, score: 9.8 (CVSS:3.1/AV:N/AC:L/PR:N/UI:N/S:U/C:H/I:H/A:H/E:3.9/RC:R/MAV:A)"/><system-out>A flaw was discovered in jackson-databind in versions before 2.9.10, 2.8.11.5 and 2.6.7.3, where it would permit polymorphic deserialization of a malicious object using commons-configuration 1 and 2 JNDI classes. An attacker could use this flaw to execute arbitrary code.</system-out><system-err>location: /home/jvs/course_labs/labs/lab07/sca/lib/jackson-databind-2.4.6.jar, project-references: [  ]</system-err></testcase><testcase classname="CVE-2019-16335" name="pkg:maven/com.fasterxml.jackson.core/jackson-databind@2.4.6"><failure message="cvssV3: CRITICAL, score: 9.8 (CVSS:3.1/AV:N/AC:L/PR:N/UI:N/S:U/C:H/I:H/A:H/E:3.9/RC:R/MAV:A)"/><system-out>A Polymorphic Typing issue was discovered in FasterXML jackson-databind before 2.9.10. It is related to com.zaxxer.hikari.HikariDataSource. This is a different vulnerability than CVE-2019-14540.</system-out><system-err>location: /home/jvs/course_labs/labs/lab07/sca/lib/jackson-databind-2.4.6.jar, project-references: [  ]</system-err></testcase><testcase classname="CVE-2019-16942" name="pkg:maven/com.fasterxml.jackson.core/jackson-databind@2.4.6"><failure message="cvssV3: CRITICAL, score: 9.8 (CVSS:3.1/AV:N/AC:L/PR:N/UI:N/S:U/C:H/I:H/A:H/E:3.9/RC:R/MAV:A)"/><system-out>A Polymorphic Typing issue was discovered in FasterXML jackson-databind 2.0.0 through 2.9.10. When Default Typing is enabled (either globally or for a specific property) for an externally exposed JSON endpoint and the service has the commons-dbcp (1.4) jar in the classpath, and an attacker can find an RMI service endpoint to access, it is possible to make the service execute a malicious payload. This issue exists because of org.apache.commons.dbcp.datasources.SharedPoolDataSource and org.apache.commons.dbcp.datasources.PerUserPoolDataSource mishandling.</system-out><system-err>location: /home/jvs/course_labs/labs/lab07/sca/lib/jackson-databind-2.4.6.jar, project-references: [  ]</system-err></testcase><testcase classname="CVE-2019-16943" name="pkg:maven/com.fasterxml.jackson.core/jackson-databind@2.4.6"><failure message="cvssV3: CRITICAL, score: 9.8 (CVSS:3.1/AV:N/AC:L/PR:N/UI:N/S:U/C:H/I:H/A:H/E:3.9/RC:R/MAV:A)"/><system-out>A Polymorphic Typing issue was discovered in FasterXML jackson-databind 2.0.0 through 2.9.10. When Default Typing is enabled (either globally or for a specific property) for an externally exposed JSON endpoint and the service has the p6spy (3.8.6) jar in the classpath, and an attacker can find an RMI service endpoint to access, it is possible to make the service execute a malicious payload. This issue exists because of com.p6spy.engine.spy.P6DataSource mishandling.</system-out><system-err>location: /home/jvs/course_labs/labs/lab07/sca/lib/jackson-databind-2.4.6.jar, project-references: [  ]</system-err></testcase><testcase classname="CVE-2019-17267" name="pkg:maven/com.fasterxml.jackson.core/jackson-databind@2.4.6"><failure message="cvssV3: CRITICAL, score: 9.8 (CVSS:3.1/AV:N/AC:L/PR:N/UI:N/S:U/C:H/I:H/A:H/E:3.9/RC:R/MAV:A)"/><system-out>A Polymorphic Typing issue was discovered in FasterXML jackson-databind before 2.9.10. It is related to net.sf.ehcache.hibernate.EhcacheJtaTransactionManagerLookup.</system-out><system-err>location: /home/jvs/course_labs/labs/lab07/sca/lib/jackson-databind-2.4.6.jar, project-references: [  ]</system-err></testcase><testcase classname="CVE-2019-17531" name="pkg:maven/com.fasterxml.jackson.core/jackson-databind@2.4.6"><failure message="cvssV3: CRITICAL, score: 9.8 (CVSS:3.1/AV:N/AC:L/PR:N/UI:N/S:U/C:H/I:H/A:H/E:3.9/RC:R/MAV:A)"/><system-out>A Polymorphic Typing issue was discovered in FasterXML jackson-databind 2.0.0 through 2.9.10. When Default Typing is enabled (either globally or for a specific property) for an externally exposed JSON endpoint and the service has the apache-log4j-extra (version 1.2.x) jar in the classpath, and an attacker can provide a JNDI service to access, it is possible to make the service execute a malicious payload.</system-out><system-err>location: /home/jvs/course_labs/labs/lab07/sca/lib/jackson-databind-2.4.6.jar, project-references: [  ]</system-err></testcase><testcase classname="CVE-2019-20330" name="pkg:maven/com.fasterxml.jackson.core/jackson-databind@2.4.6"><failure message="cvssV3: CRITICAL, score: 9.8 (CVSS:3.1/AV:N/AC:L/PR:N/UI:N/S:U/C:H/I:H/A:H/E:3.9/RC:R/MAV:A)"/><system-out>FasterXML jackson-databind 2.x before 2.9.10.2 lacks certain net.sf.ehcache blocking.</system-out><system-err>location: /home/jvs/course_labs/labs/lab07/sca/lib/jackson-databind-2.4.6.jar, project-references: [  ]</system-err></testcase><testcase classname="CVE-2020-8840" name="pkg:maven/com.fasterxml.jackson.core/jackson-databind@2.4.6"><failure message="cvssV3: CRITICAL, score: 9.8 (CVSS:3.1/AV:N/AC:L/PR:N/UI:N/S:U/C:H/I:H/A:H/E:3.9/RC:R/MAV:A)"/><system-out>FasterXML jackson-databind 2.0.0 through 2.9.10.2 lacks certain xbean-reflect/JNDI blocking, as demonstrated by org.apache.xbean.propertyeditor.JndiConverter.</system-out><system-err>location: /home/jvs/course_labs/labs/lab07/sca/lib/jackson-databind-2.4.6.jar, project-references: [  ]</system-err></testcase><testcase classname="CVE-2020-9547" name="pkg:maven/com.fasterxml.jackson.core/jackson-databind@2.4.6"><failure message="cvssV3: CRITICAL, score: 9.8 (CVSS:3.1/AV:N/AC:L/PR:N/UI:N/S:U/C:H/I:H/A:H/E:3.9/RC:R/MAV:A)"/><system-out>FasterXML jackson-databind 2.x before 2.9.10.4 mishandles the interaction between serialization gadgets and typing, related to com.ibatis.sqlmap.engine.transaction.jta.JtaTransactionConfig (aka ibatis-sqlmap).</system-out><system-err>location: /home/jvs/course_labs/labs/lab07/sca/lib/jackson-databind-2.4.6.jar, project-references: [  ]</system-err></testcase><testcase classname="CVE-2020-9548" name="pkg:maven/com.fasterxml.jackson.core/jackson-databind@2.4.6"><failure message="cvssV3: CRITICAL, score: 9.8 (CVSS:3.1/AV:N/AC:L/PR:N/UI:N/S:U/C:H/I:H/A:H/E:3.9/RC:R/MAV:A)"/><system-out>FasterXML jackson-databind 2.x before 2.9.10.4 mishandles the interaction between serialization gadgets and typing, related to br.com.anteros.dbcp.AnterosDBCPConfig (aka anteros-core).</system-out><system-err>location: /home/jvs/course_labs/labs/lab07/sca/lib/jackson-databind-2.4.6.jar, project-references: [  ]</system-err></testcase><testcase classname="CVE-2020-10673" name="pkg:maven/com.fasterxml.jackson.core/jackson-databind@2.4.6"><failure message="cvssV3: HIGH, score: 8.8 (CVSS:3.1/AV:N/AC:L/PR:N/UI:R/S:U/C:H/I:H/A:H/E:2.8/RC:R/MAV:A)"/><system-out>FasterXML jackson-databind 2.x before 2.9.10.4 mishandles the interaction between serialization gadgets and typing, related to com.caucho.config.types.ResourceRef (aka caucho-quercus).</system-out><system-err>location: /home/jvs/course_labs/labs/lab07/sca/lib/jackson-databind-2.4.6.jar, project-references: [  ]</system-err></testcase><testcase classname="CVE-2018-5968" name="pkg:maven/com.fasterxml.jackson.core/jackson-databind@2.4.6"><failure message="cvssV3: HIGH, score: 8.1 (CVSS:3.1/AV:N/AC:H/PR:N/UI:N/S:U/C:H/I:H/A:H/E:2.2/RC:R/MAV:A)"/><system-out>FasterXML jackson-databind through 2.8.11 and 2.9.x through 2.9.3 allows unauthenticated remote code execution because of an incomplete fix for the CVE-2017-7525 and CVE-2017-17485 deserialization flaws. This is exploitable via two different gadgets that bypass a blacklist.</system-out><system-err>location: /home/jvs/course_labs/labs/lab07/sca/lib/jackson-databind-2.4.6.jar, project-references: [  ]</system-err></testcase><testcase classname="CVE-2020-10650" name="pkg:maven/com.fasterxml.jackson.core/jackson-databind@2.4.6"><failure message="cvssV3: HIGH, score: 8.1 (CVSS:3.1/AV:N/AC:H/PR:N/UI:N/S:U/C:H/I:H/A:H/E:2.2/RC:R/MAV:A)"/><system-out>A deserialization flaw was discovered in jackson-databind through 2.9.10.4. It could allow an unauthenticated user to perform code execution via ignite-jta or quartz-core: org.apache.ignite.cache.jta.jndi.CacheJndiTmLookup, org.apache.ignite.cache.jta.jndi.CacheJndiTmFactory, and org.quartz.utils.JNDIConnectionProvider.</system-out><system-err>location: /home/jvs/course_labs/labs/lab07/sca/lib/jackson-databind-2.4.6.jar, project-references: [  ]</system-err></testcase><testcase classname="CVE-2020-24616" name="pkg:maven/com.fasterxml.jackson.core/jackson-databind@2.4.6"><failure message="cvssV3: HIGH, score: 8.1 (CVSS:3.1/AV:N/AC:H/PR:N/UI:N/S:U/C:H/I:H/A:H/E:2.2/RC:R/MAV:A)"/><system-out>FasterXML jackson-databind 2.x before 2.9.10.6 mishandles the interaction between serialization gadgets and typing, related to br.com.anteros.dbcp.AnterosDBCPDataSource (aka Anteros-DBCP).</system-out><system-err>location: /home/jvs/course_labs/labs/lab07/sca/lib/jackson-databind-2.4.6.jar, project-references: [  ]</system-err></testcase><testcase classname="CVE-2020-24750" name="pkg:maven/com.fasterxml.jackson.core/jackson-databind@2.4.6"><failure message="cvssV3: HIGH, score: 8.1 (CVSS:3.1/AV:N/AC:H/PR:N/UI:N/S:U/C:H/I:H/A:H/E:2.2/RC:R/MAV:A)"/><system-out>FasterXML jackson-databind 2.x before 2.9.10.6 mishandles the interaction between serialization gadgets and typing, related to com.pastdev.httpcomponents.configuration.JndiConfiguration.</system-out><system-err>location: /home/jvs/course_labs/labs/lab07/sca/lib/jackson-databind-2.4.6.jar, project-references: [  ]</system-err></testcase><testcase classname="CVE-2020-35490" name="pkg:maven/com.fasterxml.jackson.core/jackson-databind@2.4.6"><failure message="cvssV3: HIGH, score: 8.1 (CVSS:3.1/AV:N/AC:H/PR:N/UI:N/S:U/C:H/I:H/A:H/E:2.2/RC:R/MAV:A)"/><system-out>FasterXML jackson-databind 2.x before 2.9.10.8 mishandles the interaction between serialization gadgets and typing, related to org.apache.commons.dbcp2.datasources.PerUserPoolDataSource.</system-out><system-err>location: /home/jvs/course_labs/labs/lab07/sca/lib/jackson-databind-2.4.6.jar, project-references: [  ]</system-err></testcase><testcase classname="CVE-2020-35491" name="pkg:maven/com.fasterxml.jackson.core/jackson-databind@2.4.6"><failure message="cvssV3: HIGH, score: 8.1 (CVSS:3.1/AV:N/AC:H/PR:N/UI:N/S:U/C:H/I:H/A:H/E:2.2/RC:R/MAV:A)"/><system-out>FasterXML jackson-databind 2.x before 2.9.10.8 mishandles the interaction between serialization gadgets and typing, related to org.apache.commons.dbcp2.datasources.SharedPoolDataSource.</system-out><system-err>location: /home/jvs/course_labs/labs/lab07/sca/lib/jackson-databind-2.4.6.jar, project-references: [  ]</system-err></testcase><testcase classname="CVE-2020-36179" name="pkg:maven/com.fasterxml.jackson.core/jackson-databind@2.4.6"><failure message="cvssV3: HIGH, score: 8.1 (CVSS:3.1/AV:N/AC:H/PR:N/UI:N/S:U/C:H/I:H/A:H/E:2.2/RC:R/MAV:A)"/><system-out>FasterXML jackson-databind 2.x before 2.9.10.8 mishandles the interaction between serialization gadgets and typing, related to oadd.org.apache.commons.dbcp.cpdsadapter.DriverAdapterCPDS.</system-out><system-err>location: /home/jvs/course_labs/labs/lab07/sca/lib/jackson-databind-2.4.6.jar, project-references: [  ]</system-err></testcase><testcase classname="CVE-2020-36180" name="pkg:maven/com.fasterxml.jackson.core/jackson-databind@2.4.6"><failure message="cvssV3: HIGH, score: 8.1 (CVSS:3.1/AV:N/AC:H/PR:N/UI:N/S:U/C:H/I:H/A:H/E:2.2/RC:R/MAV:A)"/><system-out>FasterXML jackson-databind 2.x before 2.9.10.8 mishandles the interaction between serialization gadgets and typing, related to org.apache.commons.dbcp2.cpdsadapter.DriverAdapterCPDS.</system-out><system-err>location: /home/jvs/course_labs/labs/lab07/sca/lib/jackson-databind-2.4.6.jar, project-references: [  ]</system-err></testcase><testcase classname="CVE-2020-36181" name="pkg:maven/com.fasterxml.jackson.core/jackson-databind@2.4.6"><failure message="cvssV3: HIGH, score: 8.1 (CVSS:3.1/AV:N/AC:H/PR:N/UI:N/S:U/C:H/I:H/A:H/E:2.2/RC:R/MAV:A)"/><system-out>FasterXML jackson-databind 2.x before 2.9.10.8 mishandles the interaction between serialization gadgets and typing, related to org.apache.tomcat.dbcp.dbcp.cpdsadapter.DriverAdapterCPDS.</system-out><system-err>location: /home/jvs/course_labs/labs/lab07/sca/lib/jackson-databind-2.4.6.jar, project-references: [  ]</system-err></testcase><testcase classname="CVE-2020-36182" name="pkg:maven/com.fasterxml.jackson.core/jackson-databind@2.4.6"><failure message="cvssV3: HIGH, score: 8.1 (CVSS:3.1/AV:N/AC:H/PR:N/UI:N/S:U/C:H/I:H/A:H/E:2.2/RC:R/MAV:A)"/><system-out>FasterXML jackson-databind 2.x before 2.9.10.8 mishandles the interaction between serialization gadgets and typing, related to org.apache.tomcat.dbcp.dbcp2.cpdsadapter.DriverAdapterCPDS.</system-out><system-err>location: /home/jvs/course_labs/labs/lab07/sca/lib/jackson-databind-2.4.6.jar, project-references: [  ]</system-err></testcase><testcase classname="CVE-2020-36183" name="pkg:maven/com.fasterxml.jackson.core/jackson-databind@2.4.6"><failure message="cvssV3: HIGH, score: 8.1 (CVSS:3.1/AV:N/AC:H/PR:N/UI:N/S:U/C:H/I:H/A:H/E:2.2/RC:R/MAV:A)"/><system-out>FasterXML jackson-databind 2.x before 2.9.10.8 mishandles the interaction between serialization gadgets and typing, related to org.docx4j.org.apache.xalan.lib.sql.JNDIConnectionPool.</system-out><system-err>location: /home/jvs/course_labs/labs/lab07/sca/lib/jackson-databind-2.4.6.jar, project-references: [  ]</system-err></testcase><testcase classname="CVE-2020-36184" name="pkg:maven/com.fasterxml.jackson.core/jackson-databind@2.4.6"><failure message="cvssV3: HIGH, score: 8.1 (CVSS:3.1/AV:N/AC:H/PR:N/UI:N/S:U/C:H/I:H/A:H/E:2.2/RC:R/MAV:A)"/><system-out>FasterXML jackson-databind 2.x before 2.9.10.8 mishandles the interaction between serialization gadgets and typing, related to org.apache.tomcat.dbcp.dbcp2.datasources.PerUserPoolDataSource.</system-out><system-err>location: /home/jvs/course_labs/labs/lab07/sca/lib/jackson-databind-2.4.6.jar, project-references: [  ]</system-err></testcase><testcase classname="CVE-2020-36185" name="pkg:maven/com.fasterxml.jackson.core/jackson-databind@2.4.6"><failure message="cvssV3: HIGH, score: 8.1 (CVSS:3.1/AV:N/AC:H/PR:N/UI:N/S:U/C:H/I:H/A:H/E:2.2/RC:R/MAV:A)"/><system-out>FasterXML jackson-databind 2.x before 2.9.10.8 mishandles the interaction between serialization gadgets and typing, related to org.apache.tomcat.dbcp.dbcp2.datasources.SharedPoolDataSource.</system-out><system-err>location: /home/jvs/course_labs/labs/lab07/sca/lib/jackson-databind-2.4.6.jar, project-references: [  ]</system-err></testcase><testcase classname="CVE-2020-36186" name="pkg:maven/com.fasterxml.jackson.core/jackson-databind@2.4.6"><failure message="cvssV3: HIGH, score: 8.1 (CVSS:3.1/AV:N/AC:H/PR:N/UI:N/S:U/C:H/I:H/A:H/E:2.2/RC:R/MAV:A)"/><system-out>FasterXML jackson-databind 2.x before 2.9.10.8 mishandles the interaction between serialization gadgets and typing, related to org.apache.tomcat.dbcp.dbcp.datasources.PerUserPoolDataSource.</system-out><system-err>location: /home/jvs/course_labs/labs/lab07/sca/lib/jackson-databind-2.4.6.jar, project-references: [  ]</system-err></testcase><testcase classname="CVE-2020-36187" name="pkg:maven/com.fasterxml.jackson.core/jackson-databind@2.4.6"><failure message="cvssV3: HIGH, score: 8.1 (CVSS:3.1/AV:N/AC:H/PR:N/UI:N/S:U/C:H/I:H/A:H/E:2.2/RC:R/MAV:A)"/><system-out>FasterXML jackson-databind 2.x before 2.9.10.8 mishandles the interaction between serialization gadgets and typing, related to org.apache.tomcat.dbcp.dbcp.datasources.SharedPoolDataSource.</system-out><system-err>location: /home/jvs/course_labs/labs/lab07/sca/lib/jackson-databind-2.4.6.jar, project-references: [  ]</system-err></testcase><testcase classname="CVE-2020-36188" name="pkg:maven/com.fasterxml.jackson.core/jackson-databind@2.4.6"><failure message="cvssV3: HIGH, score: 8.1 (CVSS:3.1/AV:N/AC:H/PR:N/UI:N/S:U/C:H/I:H/A:H/E:2.2/RC:R/MAV:A)"/><system-out>FasterXML jackson-databind 2.x before 2.9.10.8 mishandles the interaction between serialization gadgets and typing, related to com.newrelic.agent.deps.ch.qos.logback.core.db.JNDIConnectionSource.</system-out><system-err>location: /home/jvs/course_labs/labs/lab07/sca/lib/jackson-databind-2.4.6.jar, project-references: [  ]</system-err></testcase><testcase classname="CVE-2020-36189" name="pkg:maven/com.fasterxml.jackson.core/jackson-databind@2.4.6"><failure message="cvssV3: HIGH, score: 8.1 (CVSS:3.1/AV:N/AC:H/PR:N/UI:N/S:U/C:H/I:H/A:H/E:2.2/RC:R/MAV:A)"/><system-out>FasterXML jackson-databind 2.x before 2.9.10.8 mishandles the interaction between serialization gadgets and typing, related to com.newrelic.agent.deps.ch.qos.logback.core.db.DriverManagerConnectionSource.</system-out><system-err>location: /home/jvs/course_labs/labs/lab07/sca/lib/jackson-databind-2.4.6.jar, project-references: [  ]</system-err></testcase><testcase classname="CVE-2021-20190" name="pkg:maven/com.fasterxml.jackson.core/jackson-databind@2.4.6"><failure message="cvssV3: HIGH, score: 8.1 (CVSS:3.1/AV:N/AC:H/PR:N/UI:N/S:U/C:H/I:H/A:H/E:2.2/RC:R/MAV:A)"/><system-out>A flaw was found in jackson-databind before 2.9.10.7. FasterXML mishandles the interaction between serialization gadgets and typing. The highest threat from this vulnerability is to data confidentiality and integrity as well as system availability.</system-out><system-err>location: /home/jvs/course_labs/labs/lab07/sca/lib/jackson-databind-2.4.6.jar, project-references: [  ]</system-err></testcase><testcase classname="CVE-2018-12022" name="pkg:maven/com.fasterxml.jackson.core/jackson-databind@2.4.6"><failure message="cvssV3: HIGH, score: 7.5 (CVSS:3.1/AV:N/AC:H/PR:N/UI:R/S:U/C:H/I:H/A:H/E:1.6/RC:R/MAV:A)"/><system-out>An issue was discovered in FasterXML jackson-databind prior to 2.7.9.4, 2.8.11.2, and 2.9.6. When Default Typing is enabled (either globally or for a specific property), the service has the Jodd-db jar (for database access for the Jodd framework) in the classpath, and an attacker can provide an LDAP service to access, it is possible to make the service execute a malicious payload.</system-out><system-err>location: /home/jvs/course_labs/labs/lab07/sca/lib/jackson-databind-2.4.6.jar, project-references: [  ]</system-err></testcase><testcase classname="CVE-2019-12086" name="pkg:maven/com.fasterxml.jackson.core/jackson-databind@2.4.6"><failure message="cvssV3: HIGH, score: 7.5 (CVSS:3.1/AV:N/AC:L/PR:N/UI:N/S:U/C:H/I:N/A:N/E:3.9/RC:R/MAV:A)"/><system-out>A Polymorphic Typing issue was discovered in FasterXML jackson-databind 2.x before 2.9.9. When Default Typing is enabled (either globally or for a specific property) for an externally exposed JSON endpoint, the service has the mysql-connector-java jar (8.0.14 or earlier) in the classpath, and an attacker can host a crafted MySQL server reachable by the victim, an attacker can send a crafted JSON message that allows them to read arbitrary local files on the server. This occurs because of missing com.mysql.cj.jdbc.admin.MiniAdmin validation.</system-out><system-err>location: /home/jvs/course_labs/labs/lab07/sca/lib/jackson-databind-2.4.6.jar, project-references: [  ]</system-err></testcase><testcase classname="CVE-2019-14439" name="pkg:maven/com.fasterxml.jackson.core/jackson-databind@2.4.6"><failure message="cvssV3: HIGH, score: 7.5 (CVSS:3.1/AV:N/AC:L/PR:N/UI:N/S:U/C:H/I:N/A:N/E:3.9/RC:R/MAV:A)"/><system-out>A Polymorphic Typing issue was discovered in FasterXML jackson-databind 2.x before 2.9.9.2. This occurs when Default Typing is enabled (either globally or for a specific property) for an externally exposed JSON endpoint and the service has the logback jar in the classpath.</system-out><system-err>location: /home/jvs/course_labs/labs/lab07/sca/lib/jackson-databind-2.4.6.jar, project-references: [  ]</system-err></testcase><testcase classname="CVE-2020-36518" name="pkg:maven/com.fasterxml.jackson.core/jackson-databind@2.4.6"><failure message="cvssV3: HIGH, score: 7.5 (CVSS:3.1/AV:N/AC:L/PR:N/UI:N/S:U/C:N/I:N/A:H/E:3.9/RC:R/MAV:A)"/><system-out>jackson-databind before 2.13.0 allows a Java StackOverflow exception and denial of service via a large depth of nested objects.</system-out><system-err>location: /home/jvs/course_labs/labs/lab07/sca/lib/jackson-databind-2.4.6.jar, project-references: [  ]</system-err></testcase><testcase classname="CVE-2022-42003" name="pkg:maven/com.fasterxml.jackson.core/jackson-databind@2.4.6"><failure message="cvssV3: HIGH, score: 7.5 (CVSS:3.1/AV:N/AC:L/PR:N/UI:N/S:U/C:N/I:N/A:H/E:3.9/RC:R/MAV:A)"/><system-out>In FasterXML jackson-databind before versions 2.13.4.1 and 2.12.17.1, resource exhaustion can occur because of a lack of a check in primitive value deserializers to avoid deep wrapper array nesting, when the UNWRAP_SINGLE_VALUE_ARRAYS feature is enabled.</system-out><system-err>location: /home/jvs/course_labs/labs/lab07/sca/lib/jackson-databind-2.4.6.jar, project-references: [  ]</system-err></testcase><testcase classname="CVE-2022-42004" name="pkg:maven/com.fasterxml.jackson.core/jackson-databind@2.4.6"><failure message="cvssV3: HIGH, score: 7.5 (CVSS:3.1/AV:N/AC:L/PR:N/UI:N/S:U/C:N/I:N/A:H/E:3.9/RC:R/MAV:A)"/><system-out>In FasterXML jackson-databind before 2.13.4, resource exhaustion can occur because of a lack of a check in BeanDeserializer._deserializeFromArray to prevent use of deeply nested arrays. An application is vulnerable only with certain customized choices for deserialization.</system-out><system-err>location: /home/jvs/course_labs/labs/lab07/sca/lib/jackson-databind-2.4.6.jar, project-references: [  ]</system-err></testcase><testcase classname="CVE-2018-1000873" name="pkg:maven/com.fasterxml.jackson.core/jackson-databind@2.4.6"><failure message="cvssV3: MEDIUM, score: 6.5 (CVSS:3.1/AV:N/AC:L/PR:N/UI:R/S:U/C:N/I:N/A:H/E:2.8/RC:R/MAV:A)"/><system-out>Fasterxml Jackson version Before 2.9.8 contains a CWE-20: Improper Input Validation vulnerability in Jackson-Modules-Java8 that can result in Causes a denial-of-service (DoS). This attack appear to be exploitable via The victim deserializes malicious input, specifically very large values in the nanoseconds field of a time value. This vulnerability appears to have been fixed in 2.9.8.</system-out><system-err>location: /home/jvs/course_labs/labs/lab07/sca/lib/jackson-databind-2.4.6.jar, project-references: [  ]</system-err></testcase><testcase classname="CVE-2019-12384" name="pkg:maven/com.fasterxml.jackson.core/jackson-databind@2.4.6"><failure message="cvssV3: MEDIUM, score: 5.9 (CVSS:3.1/AV:N/AC:H/PR:N/UI:N/S:U/C:H/I:N/A:N/E:2.2/RC:R/MAV:A)"/><system-out>FasterXML jackson-databind 2.x before 2.9.9.1 might allow attackers to have a variety of impacts by leveraging failure to block the logback-core class from polymorphic deserialization. Depending on the classpath content, remote code execution may be possible.</system-out><system-err>location: /home/jvs/course_labs/labs/lab07/sca/lib/jackson-databind-2.4.6.jar, project-references: [  ]</system-err></testcase><testcase classname="CVE-2019-12814" name="pkg:maven/com.fasterxml.jackson.core/jackson-databind@2.4.6"><failure message="cvssV3: MEDIUM, score: 5.9 (CVSS:3.1/AV:N/AC:H/PR:N/UI:N/S:U/C:H/I:N/A:N/E:2.2/RC:R/MAV:A)"/><system-out>A Polymorphic Typing issue was discovered in FasterXML jackson-databind 2.x through 2.9.9. When Default Typing is enabled (either globally or for a specific property) for an externally exposed JSON endpoint and the service has JDOM 1.x or 2.x jar in the classpath, an attacker can send a specifically crafted JSON message that allows them to read arbitrary local files on the server.</system-out><system-err>location: /home/jvs/course_labs/labs/lab07/sca/lib/jackson-databind-2.4.6.jar, project-references: [  ]</system-err></testcase><testcase classname="CVE-2023-35116" name="pkg:maven/com.fasterxml.jackson.core/jackson-databind@2.4.6"><failure message="cvssV3: MEDIUM, score: 4.7 (CVSS:3.1/AV:L/AC:H/PR:L/UI:N/S:U/C:N/I:N/A:H/E:1.0/RC:R/MAV:A)"/><system-out>jackson-databind through 2.15.2 allows attackers to cause a denial of service or other unspecified impact via a crafted object that uses cyclic dependencies. NOTE: the vendor&apos;s perspective is that this is not a valid vulnerability report, because the steps of constructing a cyclic data structure and trying to serialize it cannot be achieved by an external attacker.</system-out><system-err>location: /home/jvs/course_labs/labs/lab07/sca/lib/jackson-databind-2.4.6.jar, project-references: [  ]</system-err></testcase></testsuite><testsuite failures="0" errors="0" time="0" id="22" name="/home/jvs/course_labs/labs/lab07/sca/lib/jackson-jaxrs-base-2.4.6.jar" package="jackson-jaxrs-base-2.4.6.jar" skipped="0" tests="1" timestamp="2026-01-14T21:46:03.949047082"><testcase classname="dependency-check" name="jackson-jaxrs-base-2.4.6.jar"/></testsuite><testsuite failures="0" errors="0" time="0" id="23" name="/home/jvs/course_labs/labs/lab07/sca/lib/jackson-jaxrs-json-provider-2.4.6.jar" package="jackson-jaxrs-json-provider-2.4.6.jar" skipped="0" tests="1" timestamp="2026-01-14T21:46:03.949047082"><testcase classname="dependency-check" name="jackson-jaxrs-json-provider-2.4.6.jar"/></testsuite><testsuite failures="0" errors="0" time="0" id="24" name="/home/jvs/course_labs/labs/lab07/sca/lib/jackson-module-jaxb-annotations-2.4.6.jar" package="jackson-module-jaxb-annotations-2.4.6.jar" skipped="0" tests="1" timestamp="2026-01-14T21:46:03.949047082"><testcase classname="dependency-check" name="jackson-module-jaxb-annotations-2.4.6.jar"/></testsuite><testsuite failures="3" errors="0" time="0" id="25" name="/home/jvs/course_labs/labs/lab07/vulnerable-app/requirements.txt:paramiko/2.4.1" package="paramiko:2.4.1" skipped="0" tests="3" timestamp="2026-01-14T21:46:03.949047082"><testcase classname="CVE-2018-1000805" name="pkg:pypi/paramiko@2.4.1"><failure message="cvssV3: HIGH, score: 8.8 (CVSS:3.1/AV:N/AC:L/PR:L/UI:N/S:U/C:H/I:H/A:H/E:2.8/RC:R/MAV:A)"/><system-out>Paramiko version 2.4.1, 2.3.2, 2.2.3, 2.1.5, 2.0.8, 1.18.5, 1.17.6 contains a Incorrect Access Control vulnerability in SSH server that can result in RCE. This attack appear to be exploitable via network connectivity.</system-out><system-err>location: /home/jvs/course_labs/labs/lab07/vulnerable-app/requirements.txt:paramiko/2.4.1, project-references: [  ]</system-err></testcase><testcase classname="CVE-2022-24302" name="pkg:pypi/paramiko@2.4.1"><failure message="cvssV3: MEDIUM, score: 5.9 (CVSS:3.1/AV:N/AC:H/PR:N/UI:N/S:U/C:H/I:N/A:N/E:2.2/RC:R/MAV:A)"/><system-out>In Paramiko before 2.10.1, a race condition (between creation and chmod) in the write_private_key_file function could allow unauthorized information disclosure.</system-out><system-err>location: /home/jvs/course_labs/labs/lab07/vulnerable-app/requirements.txt:paramiko/2.4.1, project-references: [  ]</system-err></testcase><testcase classname="CVE-2023-48795" name="pkg:pypi/paramiko@2.4.1"><failure message="cvssV3: MEDIUM, score: 5.9 (CVSS:3.1/AV:N/AC:H/PR:N/UI:N/S:U/C:N/I:H/A:N/E:2.2/RC:R/MAV:A)"/><system-out>The SSH transport protocol with certain OpenSSH extensions, found in OpenSSH before 9.6 and other products, allows remote attackers to bypass integrity checks such that some packets are omitted (from the extension negotiation message), and a client and server may consequently end up with a connection for which some security features have been downgraded or disabled, aka a Terrapin attack. This occurs because the SSH Binary Packet Protocol (BPP), implemented by these extensions, mishandles the handshake phase and mishandles use of sequence numbers. For example, there is an effective attack against SSH&apos;s use of ChaCha20-Poly1305 (and CBC with Encrypt-then-MAC). The bypass occurs in chacha20-poly1305@openssh.com and (if CBC is used) the -etm@openssh.com MAC algorithms. This also affects Maverick Synergy Java SSH API before 3.1.0-SNAPSHOT, Dropbear through 2022.83, Ssh before 5.1.1 in Erlang/OTP, PuTTY before 0.80, AsyncSSH before 2.14.2, golang.org/x/crypto before 0.17.0, libssh before 0.10.6, libssh2 through 1.11.0, Thorn Tech SFTP Gateway before 3.4.6, Tera Term before 5.1, Paramiko before 3.4.0, jsch before 0.2.15, SFTPGo before 2.5.6, Netgate pfSense Plus through 23.09.1, Netgate pfSense CE through 2.7.2, HPN-SSH through 18.2.0, ProFTPD before 1.3.8b (and before 1.3.9rc2), ORYX CycloneSSH before 2.3.4, NetSarang XShell 7 before Build 0144, CrushFTP before 10.6.0, ConnectBot SSH library before 2.2.22, Apache MINA sshd through 2.11.0, sshj through 0.37.0, TinySSH through 20230101, trilead-ssh2 6401, LANCOM LCOS and LANconfig, FileZilla before 3.66.4, Nova before 11.8, PKIX-SSH before 14.4, SecureCRT before 9.4.3, Transmit5 before 5.10.4, Win32-OpenSSH before 9.5.0.0p1-Beta, WinSCP before 6.2.2, Bitvise SSH Server before 9.32, Bitvise SSH Client before 9.33, KiTTY through 0.76.1.13, the net-ssh gem 7.2.0 for Ruby, the mscdex ssh2 module before 1.15.0 for Node.js, the thrussh library before 0.35.1 for Rust, and the Russh crate before 0.40.2 for Rust.</system-out><system-err>location: /home/jvs/course_labs/labs/lab07/vulnerable-app/requirements.txt:paramiko/2.4.1, project-references: [  ]</system-err></testcase></testsuite><testsuite failures="1" errors="0" time="0" id="26" name="/home/jvs/course_labs/labs/lab07/vulnerable-app/requirements.txt:pyjwt/1.7.1" package="pyjwt:1.7.1" skipped="0" tests="1" timestamp="2026-01-14T21:46:03.949047082"><testcase classname="CVE-2022-29217" name="pkg:pypi/pyjwt@1.7.1"><failure message="cvssV3: HIGH, score: 7.5 (CVSS:3.1/AV:N/AC:L/PR:N/UI:N/S:U/C:N/I:H/A:N/E:3.9/RC:R/MAV:A)"/><system-out>PyJWT is a Python implementation of RFC 7519. PyJWT supports multiple different JWT signing algorithms. With JWT, an attacker submitting the JWT token can choose the used signing algorithm. The PyJWT library requires that the application chooses what algorithms are supported. The application can specify `jwt.algorithms.get_default_algorithms()` to get support for all algorithms, or specify a single algorithm. The issue is not that big as `algorithms=jwt.algorithms.get_default_algorithms()` has to be used. Users should upgrade to v2.4.0 to receive a patch for this issue. As a workaround, always be explicit with the algorithms that are accepted and expected when decoding.</system-out><system-err>location: /home/jvs/course_labs/labs/lab07/vulnerable-app/requirements.txt:pyjwt/1.7.1, project-references: [  ]</system-err></testcase></testsuite><testsuite failures="0" errors="0" time="0" id="27" name="/home/jvs/course_labs/labs/lab07/vulnerable-app/requirements.txt:requests/2.19.1" package="requests:2.19.1" skipped="0" tests="1" timestamp="2026-01-14T21:46:03.949047082"><testcase classname="dependency-check" name="requests:2.19.1"/></testsuite><testsuite failures="0" errors="0" time="0" id="28" name="/home/jvs/course_labs/labs/lab07/vulnerable-app/requirements.txt:six/1.15.0" package="six:1.15.0" skipped="0" tests="1" timestamp="2026-01-14T21:46:03.949047082"><testcase classname="dependency-check" name="six:1.15.0"/></testsuite><testsuite failures="0" errors="0" time="0" id="29" name="/home/jvs/course_labs/labs/lab07/vulnerable-app/requirements.txt:urllib3/1.23" package="urllib3:1.23" skipped="0" tests="1" timestamp="2026-01-14T21:46:03.949047082"><testcase classname="dependency-check" name="urllib3:1.23"/></testsuite></testsuites>